<?xml version='1.0' encoding='UTF-8'?>
<testsuite hostname="sumits-MacBook-Pro.local" name="com.rockthejvm.reviewboard.http.controllers.CompanyControllerSpec" tests="3" errors="0" failures="0" skipped="0" time="2.995" timestamp="2024-07-07T15:15:45">
          <properties>
[...]
</properties>
          <testcase classname="com.rockthejvm.reviewboard.http.controllers.CompanyControllerSpec" name="Company Controller Test - get by id" time="0.997">
                      
                    </testcase><testcase classname="com.rockthejvm.reviewboard.http.controllers.CompanyControllerSpec" name="Company Controller Test - post company" time="0.998">
                      
                    </testcase><testcase classname="com.rockthejvm.reviewboard.http.controllers.CompanyControllerSpec" name="Company Controller Test - get All" time="1.0">
                      
                    </testcase>
          <system-out><![CDATA[]]></system-out>
          <system-err><![CDATA[]]></system-err>
        </testsuite>